  dll.cpp
  dll_image.cpp
  blood_prediction.cpp
  D3DFont.cpp
  DLLMain.cpp
  aimbot_recode.cpp
  c_aimhelper.cpp
  c_animation_system.cpp
  c_antiaim.cpp
  c_chams.cpp
  c_damageesp.cpp
  c_esp.cpp
  c_fake_ping.cpp
C:\Program Files (x86)\Microsoft Visual Studio\2019\Community\VC\Tools\MSVC\14.24.28314\include\tuple(597,76): warning C4244: '=': conversion from '_Ty' to '_Ty', possible loss of data
          with
          [
              _Ty=int
          ]
          and
          [
              _Ty=float
          ] (compiling source file csgocheat\hacks\c_aimhelper.cpp)
C:\Program Files (x86)\Microsoft Visual Studio\2019\Community\VC\Tools\MSVC\14.24.28314\include\tuple(596): message : see reference to function template instantiation 'std::tuple<float> &std::tuple<float>::operator =<int,0>(std::tuple<int> &&) noexcept' being compiled (compiling source file csgocheat\hacks\c_aimhelper.cpp)
C:\Program Files (x86)\Microsoft Visual Studio\2019\Community\VC\Tools\MSVC\14.24.28314\include\tuple(598): message : see reference to function template instantiation 'std::tuple<float> &std::tuple<float>::operator =<int,0>(std::tuple<int> &&) noexcept' being compiled (compiling source file csgocheat\hacks\c_aimhelper.cpp)
C:\Program Files (x86)\Microsoft Visual Studio\2019\Community\VC\Tools\MSVC\14.24.28314\include\tuple(596): message : see reference to function template instantiation 'std::tuple<float,float> &std::tuple<float,float>::operator =<float,int,0>(std::tuple<float,int> &&) noexcept' being compiled (compiling source file csgocheat\hacks\c_aimhelper.cpp)
C:\Program Files (x86)\Microsoft Visual Studio\2019\Community\VC\Tools\MSVC\14.24.28314\include\tuple(598): message : see reference to function template instantiation 'std::tuple<float,float> &std::tuple<float,float>::operator =<float,int,0>(std::tuple<float,int> &&) noexcept' being compiled (compiling source file csgocheat\hacks\c_aimhelper.cpp)
C:\Program Files (x86)\Microsoft Visual Studio\2019\Community\VC\Tools\MSVC\14.24.28314\include\tuple(596): message : see reference to function template instantiation 'std::tuple<c_animation_system::animation *,float,float> &std::tuple<c_animation_system::animation *,float,float>::operator =<c_animation_system::animation*,float,int,0>(std::tuple<c_animation_system::animation *,float,int> &&) noexcept' being compiled (compiling source file csgocheat\hacks\c_aimhelper.cpp)
C:\Program Files (x86)\Microsoft Visual Studio\2019\Community\VC\Tools\MSVC\14.24.28314\include\tuple(598): message : see reference to function template instantiation 'std::tuple<c_animation_system::animation *,float,float> &std::tuple<c_animation_system::animation *,float,float>::operator =<c_animation_system::animation*,float,int,0>(std::tuple<c_animation_system::animation *,float,int> &&) noexcept' being compiled (compiling source file csgocheat\hacks\c_aimhelper.cpp)
C:\Users\geirt\aaa\Skrivebord\virtuosity\csgocheat\hacks\c_aimhelper.cpp(108): message : see reference to function template instantiation 'std::tuple<c_vector3d,c_animation_system::animation *,float,float> &std::tuple<c_vector3d,c_animation_system::animation *,float,float>::operator =<c_vector3d,c_animation_system::animation*,float,int,0>(std::tuple<c_vector3d,c_animation_system::animation *,float,int> &&) noexcept' being compiled
C:\Users\geirt\aaa\Skrivebord\virtuosity\csgocheat\hacks\c_aimhelper.cpp(91): message : see reference to function template instantiation 'std::tuple<c_vector3d,c_animation_system::animation *,float,float> &std::tuple<c_vector3d,c_animation_system::animation *,float,float>::operator =<c_vector3d,c_animation_system::animation*,float,int,0>(std::tuple<c_vector3d,c_animation_system::animation *,float,int> &&) noexcept' being compiled
  c_hitmarker.cpp
  c_legitbot.cpp
  c_legitbot_beta.cpp
  c_miscellaneous.cpp
  c_movement.cpp
  c_prediction_system.cpp
  c_ragebot.cpp
  c_resolver.cpp
  c_trace_system.cpp
  grenade_prediction.cpp
  cte_effects.cpp
  c_base_animating_.cpp
  c_client.cpp
  c_client_mode_shared.cpp
  c_client_state_.cpp
  c_cl_camera_height_restriction_debug.cpp
  c_cl_csm_shadows.cpp
  c_cs_player_.cpp
  c_engine_client.cpp
  c_engine_sound_.cpp
  c_events.cpp
  c_game_event_manager_.cpp
  c_hooks.cpp
  c_mdl_cache.cpp
  c_model_render_.cpp
  c_net_channel_.cpp
  c_panel_.cpp
  c_prediction_.cpp
  c_render_view_.cpp
  c_smoke_grenade_projectile_.cpp
  c_surface_.cpp
  c_sv_cheats.cpp
  c_view_render_.cpp
  c_wnd_proc.cpp
  idirect3ddevice9.cpp
  ImConsole.cpp
  imgui_impl_dx9.cpp
  imgui.cpp
  imgui_draw.cpp
  imgui_widgets.cpp
  loki_menu.cpp
  LuaAPI.cpp
  c_menu.cpp
  c_button.cpp
  c_checkbox.cpp
  c_color_select.cpp
  c_float_select.cpp
  c_flow_layout.cpp
  c_group_box.cpp
  c_hotkey_select.cpp
  c_image.cpp
  c_navbar.cpp
  c_navbar_tab.cpp
  c_router.cpp
  c_select.cpp
  c_text.cpp
  RadioManager.cpp
  c_font.cpp
  c_indicators.cpp
  c_renderer.cpp
  cte_blood.cpp
  c_base_combat_weapon.cpp
  c_blood_predic.cpp
  c_color.cpp
  c_cs_player.cpp
  c_global_vars_base.cpp
  c_glow_object_manager.cpp
  fnv1a.cpp
  cod.cpp
  sounds.cpp
  TextEditor.cpp
  c_hotkeys.cpp
  c_log.cpp
  c_netvar.cpp
  lapi.c
  lauxlib.c
  lbaselib.c
  lbitlib.c
  lcode.c
  lcorolib.c
  lctype.c
  ldblib.c
  ldebug.c
  ldo.c
  ldump.c
  lfunc.c
  lgc.c
  linit.c
  liolib.c
  llex.c
  lmathlib.c
  lmem.c
  loadlib.c
  lobject.c
  lopcodes.c
  loslib.c
  lparser.c
  lstate.c
  lstring.c
  lstrlib.c
  ltable.c
  ltablib.c
  ltm.c
  lua.c
  luac.c
  lundump.c
  lutf8lib.c
  lvm.c
  lzio.c
c_hooks.obj : warning LNK4006: "public: static struct c_client::<unnamed-type-recoil_info> * c_client::recoil_info" (?recoil_info@c_client@@2PAU<unnamed-type-recoil_info>@1@A) already defined in c_client.obj; second definition ignored
c_prediction_.obj : warning LNK4006: "public: static struct c_client::<unnamed-type-recoil_info> * c_client::recoil_info" (?recoil_info@c_client@@2PAU<unnamed-type-recoil_info>@1@A) already defined in c_client.obj; second definition ignored
     Creating library C:\Users\geirt\aaa\Skrivebord\virtuosity\build\Win32\Release\hvh.lib and object C:\Users\geirt\aaa\Skrivebord\virtuosity\build\Win32\Release\hvh.exp
C:\Users\geirt\aaa\Skrivebord\virtuosity\build\Win32\Release\hvh.dll : warning LNK4088: image being generated due to /FORCE option; image may not run
  Antario.vcxproj -> C:\Users\geirt\aaa\Skrivebord\virtuosity\build\Win32\Release\hvh.dll
